# JRE version: Java(TM) SE Runtime Environment (8.0_65-b17) (build 1.8.0_65-b17)
# Java VM: Java HotSpot(TM) 64-Bit Server VM (25.65-b01 mixed mode bsd-amd64 compressed oops)
Heap:
 PSYoungGen      total 165376K, used 25472K [0x0000000795580000, 0x00000007a1880000, 0x00000007c0000000)
  eden space 132608K, 15% used [0x0000000795580000,0x0000000796960d30,0x000000079d700000)
  from space 32768K, 15% used [0x000000079f780000,0x000000079fc7f410,0x00000007a1780000)
  to   space 33280K, 0% used [0x000000079d700000,0x000000079d700000,0x000000079f780000)
 ParOldGen       total 87552K, used 59634K [0x0000000740000000, 0x0000000745580000, 0x0000000795580000)
  object space 87552K, 68% used [0x0000000740000000,0x0000000743a3c9b8,0x0000000745580000)
 Metaspace       used 20664K, capacity 20817K, committed 21120K, reserved 1069056K
  class space    used 2047K, capacity 2111K, committed 2176K, reserved 1048576K
GC Heap History (10 events):
Event: 4.799 GC heap before
{Heap before GC invocations=2 (full 0):
 PSYoungGen      total 38400K, used 38199K [0x0000000795580000, 0x0000000798000000, 0x00000007c0000000)
  eden space 33280K, 100% used [0x0000000795580000,0x0000000797600000,0x0000000797600000)
  from space 5120K, 96% used [0x0000000797600000,0x0000000797acdc58,0x0000000797b00000)
  to   space 5120K, 0% used [0x0000000797b00000,0x0000000797b00000,0x0000000798000000)
 ParOldGen       total 87552K, used 16K [0x0000000740000000, 0x0000000745580000, 0x0000000795580000)
  object space 87552K, 0% used [0x0000000740000000,0x0000000740004000,0x0000000745580000)
 Metaspace       used 18633K, capacity 18791K, committed 18944K, reserved 1067008K
  class space    used 1887K, capacity 1950K, committed 2048K, reserved 1048576K
Event: 4.819 GC heap after
Heap after GC invocations=2 (full 0):
 PSYoungGen      total 38400K, used 5088K [0x0000000795580000, 0x0000000798000000, 0x00000007c0000000)
  eden space 33280K, 0% used [0x0000000795580000,0x0000000795580000,0x0000000797600000)
  from space 5120K, 99% used [0x0000000797b00000,0x0000000797ff8090,0x0000000798000000)
  to   space 5120K, 0% used [0x0000000797600000,0x0000000797600000,0x0000000797b00000)
 ParOldGen       total 87552K, used 11554K [0x0000000740000000, 0x0000000745580000, 0x0000000795580000)
  object space 87552K, 13% used [0x0000000740000000,0x0000000740b48838,0x0000000745580000)
 Metaspace       used 18633K, capacity 18791K, committed 18944K, reserved 1067008K
  class space    used 1887K, capacity 1950K, committed 2048K, reserved 1048576K
}
Event: 5.327 GC heap before
{Heap before GC invocations=3 (full 0):
 PSYoungGen      total 38400K, used 38368K [0x0000000795580000, 0x0000000798000000, 0x00000007c0000000)
  eden space 33280K, 100% used [0x0000000795580000,0x0000000797600000,0x0000000797600000)
  from space 5120K, 99% used [0x0000000797b00000,0x0000000797ff8090,0x0000000798000000)
  to   space 5120K, 0% used [0x0000000797600000,0x0000000797600000,0x0000000797b00000)
 ParOldGen       total 87552K, used 11554K [0x0000000740000000, 0x0000000745580000, 0x0000000795580000)
  object space 87552K, 13% used [0x0000000740000000,0x0000000740b48838,0x0000000745580000)
 Metaspace       used 18815K, capacity 19015K, committed 19200K, reserved 1067008K
  class space    used 1901K, capacity 1982K, committed 2048K, reserved 1048576K
Event: 5.369 GC heap after
Heap after GC invocations=3 (full 0):
 PSYoungGen      total 38400K, used 5107K [0x0000000795580000, 0x000000079a080000, 0x00000007c0000000)
  eden space 33280K, 0% used [0x0000000795580000,0x0000000795580000,0x0000000797600000)
  from space 5120K, 99% used [0x0000000797600000,0x0000000797afcdd8,0x0000000797b00000)
  to   space 5120K, 0% used [0x0000000799b80000,0x0000000799b80000,0x000000079a080000)
 ParOldGen       total 87552K, used 39189K [0x0000000740000000, 0x0000000745580000, 0x0000000795580000)
  object space 87552K, 44% used [0x0000000740000000,0x0000000742645538,0x0000000745580000)
 Metaspace       used 18815K, capacity 19015K, committed 19200K, reserved 1067008K
  class space    used 1901K, capacity 1982K, committed 2048K, reserved 1048576K
}
Event: 6.038 GC heap before
{Heap before GC invocations=4 (full 0):
 PSYoungGen      total 38400K, used 38387K [0x0000000795580000, 0x000000079a080000, 0x00000007c0000000)
  eden space 33280K, 100% used [0x0000000795580000,0x0000000797600000,0x0000000797600000)
  from space 5120K, 99% used [0x0000000797600000,0x0000000797afcdd8,0x0000000797b00000)
  to   space 5120K, 0% used [0x0000000799b80000,0x0000000799b80000,0x000000079a080000)
 ParOldGen       total 87552K, used 39189K [0x0000000740000000, 0x0000000745580000, 0x0000000795580000)
  object space 87552K, 44% used [0x0000000740000000,0x0000000742645538,0x0000000745580000)
 Metaspace       used 18874K, capacity 19079K, committed 19200K, reserved 1067008K
  class space    used 1906K, capacity 1982K, committed 2048K, reserved 1048576K
Event: 6.063 GC heap after
Heap after GC invocations=4 (full 0):
 PSYoungGen      total 71680K, used 5108K [0x0000000795580000, 0x000000079a080000, 0x00000007c0000000)
  eden space 66560K, 0% used [0x0000000795580000,0x0000000795580000,0x0000000799680000)
  from space 5120K, 99% used [0x0000000799b80000,0x000000079a07d2c8,0x000000079a080000)
  to   space 5120K, 0% used [0x0000000799680000,0x0000000799680000,0x0000000799b80000)
 ParOldGen       total 87552K, used 46362K [0x0000000740000000, 0x0000000745580000, 0x0000000795580000)
  object space 87552K, 52% used [0x0000000740000000,0x0000000742d46b68,0x0000000745580000)
 Metaspace       used 18874K, capacity 19079K, committed 19200K, reserved 1067008K
  class space    used 1906K, capacity 1982K, committed 2048K, reserved 1048576K
}
Event: 8.424 GC heap before
{Heap before GC invocations=5 (full 0):
 PSYoungGen      total 71680K, used 71668K [0x0000000795580000, 0x000000079a080000, 0x00000007c0000000)
  eden space 66560K, 100% used [0x0000000795580000,0x0000000799680000,0x0000000799680000)
  from space 5120K, 99% used [0x0000000799b80000,0x000000079a07d2c8,0x000000079a080000)
  to   space 5120K, 0% used [0x0000000799680000,0x0000000799680000,0x0000000799b80000)
 ParOldGen       total 87552K, used 46362K [0x0000000740000000, 0x0000000745580000, 0x0000000795580000)
  object space 87552K, 52% used [0x0000000740000000,0x0000000742d46b68,0x0000000745580000)
 Metaspace       used 20523K, capacity 20683K, committed 20864K, reserved 1069056K
  class space    used 2039K, capacity 2110K, committed 2176K, reserved 1048576K
Event: 8.445 GC heap after
Heap after GC invocations=5 (full 0):
 PSYoungGen      total 71680K, used 5101K [0x0000000795580000, 0x00000007a1780000, 0x00000007c0000000)
  eden space 66560K, 0% used [0x0000000795580000,0x0000000795580000,0x0000000799680000)
  from space 5120K, 99% used [0x0000000799680000,0x0000000799b7b400,0x0000000799b80000)
  to   space 32768K, 0% used [0x000000079f780000,0x000000079f780000,0x00000007a1780000)
 ParOldGen       total 87552K, used 59626K [0x0000000740000000, 0x0000000745580000, 0x0000000795580000)
  object space 87552K, 68% used [0x0000000740000000,0x0000000743a3a9b8,0x0000000745580000)
 Metaspace       used 20523K, capacity 20683K, committed 20864K, reserved 1069056K
  class space    used 2039K, capacity 2110K, committed 2176K, reserved 1048576K
}
Event: 11.996 GC heap before
{Heap before GC invocations=6 (full 0):
 PSYoungGen      total 71680K, used 71661K [0x0000000795580000, 0x00000007a1780000, 0x00000007c0000000)
  eden space 66560K, 100% used [0x0000000795580000,0x0000000799680000,0x0000000799680000)
  from space 5120K, 99% used [0x0000000799680000,0x0000000799b7b400,0x0000000799b80000)
  to   space 32768K, 0% used [0x000000079f780000,0x000000079f780000,0x00000007a1780000)
 ParOldGen       total 87552K, used 59626K [0x0000000740000000, 0x0000000745580000, 0x0000000795580000)
  object space 87552K, 68% used [0x0000000740000000,0x0000000743a3a9b8,0x0000000745580000)
 Metaspace       used 20613K, capacity 20817K, committed 21120K, reserved 1069056K
  class space    used 2039K, capacity 2111K, committed 2176K, reserved 1048576K
Event: 12.008 GC heap after
Heap after GC invocations=6 (full 0):
 PSYoungGen      total 165376K, used 5117K [0x0000000795580000, 0x00000007a1880000, 0x00000007c0000000)
  eden space 132608K, 0% used [0x0000000795580000,0x0000000795580000,0x000000079d700000)
  from space 32768K, 15% used [0x000000079f780000,0x000000079fc7f410,0x00000007a1780000)
  to   space 33280K, 0% used [0x000000079d700000,0x000000079d700000,0x000000079f780000)
 ParOldGen       total 87552K, used 59634K [0x0000000740000000, 0x0000000745580000, 0x0000000795580000)
  object space 87552K, 68% used [0x0000000740000000,0x0000000743a3c9b8,0x0000000745580000)
 Metaspace       used 20613K, capacity 20817K, committed 21120K, reserved 1069056K
  class space    used 2039K, capacity 2111K, committed 2176K, reserved 1048576K
}

